<!DOCTYPE html>
<html>

	<head>
	<link rel="stylesheet" href="css/bootstrap.min">
	<link rel="stylesheet" href="cssnew">
		<title>
			Naruto Official Page
		</title>
		
	</head>
	<body>
	
	<div class="site-wrapper">
  <div class="site-wrapper-inner">
    <div class="cover-container">
      <div class="masthead clearfix">
        <div class="inner">
         

          <ul class="nav masthead-nav">
            <li class="active">
              <a href="http://bootsnipp.com/iframe/g6GWQ" target=
              "_blank">View Site's Rules</a>
            </li>

            <li>
              <a href="#">Features</a>
            </li>

            <li>
              <a href="#">Contact</a>
            </li>
          </ul>
        </div>
      </div>

      <div class="inner cover">
        <h1 class="cover-heading">Press below if you dare.</h1>

        

        <p class="lead"><a class="btn btn-lg btn-info" href="2.log">Learn
        more</a></p>
      </div>

      <div class="mastfoot">
        <div class="inner">
          <!-- Validation -->

          <p><a href=
          "http://validator.w3.org/check?uri=http%3A%2F%2Fbootsnipp.com%2Fiframe%2Fg6GWQ"
          target="_blank"><small>HTML</small><sup>5</sup></a></p>
          
          
          <p><a href=
          "https://github.com/twbs/bootlint"
          target="_blank"><small>Checked with Bootlint</small></a></p>          
      
          

          <p>© 2014 Your Name ~ <a href=
          "http://getbootstrap.com/">Bootstrap</a></p>
        </div>
      </div>
    </div>
</div>
</div>
	   
		
		
	</body>
</html>